<?xml version="1.0" encoding="UTF-8"?>
<testng-results ignored="0" total="1" passed="1" failed="0" skipped="0">
  <reporter-output>
  </reporter-output>
  <suite started-at="2022-11-04T17:24:47 IST" name="Default suite" finished-at="2022-11-04T17:25:21 IST" duration-ms="33564">
    <groups>
    </groups>
    <test started-at="2022-11-04T17:24:47 IST" name="Default test" finished-at="2022-11-04T17:25:21 IST" duration-ms="33564">
      <class name="com.cjc.dws.webApp.tests.CompleteOrderTest">
        <test-method is-config="true" signature="initBookPage()[pri:0, instance:com.cjc.dws.webApp.tests.CompleteOrderTest@35aea049]" started-at="2022-11-04T17:24:47 IST" name="initBookPage" finished-at="2022-11-04T17:25:14 IST" duration-ms="26560" status="PASS">
          <reporter-output>
          </reporter-output>
        </test-method> <!-- initBookPage -->
        <test-method signature="orderTest()[pri:0, instance:com.cjc.dws.webApp.tests.CompleteOrderTest@35aea049]" started-at="2022-11-04T17:25:14 IST" name="orderTest" finished-at="2022-11-04T17:25:21 IST" duration-ms="6900" status="PASS">
          <reporter-output>
          </reporter-output>
        </test-method> <!-- orderTest -->
        <test-method is-config="true" signature="tearDownRegistrationPage()[pri:0, instance:com.cjc.dws.webApp.tests.CompleteOrderTest@35aea049]" started-at="2022-11-04T17:25:21 IST" name="tearDownRegistrationPage" finished-at="2022-11-04T17:25:21 IST" duration-ms="0" status="PASS">
          <reporter-output>
          </reporter-output>
        </test-method> <!-- tearDownRegistrationPage -->
      </class> <!-- com.cjc.dws.webApp.tests.CompleteOrderTest -->
    </test> <!-- Default test -->
  </suite> <!-- Default suite -->
</testng-results>
